2024-06-18 20:02:16 INFO  main.c:76: server started !
2024-06-18 20:14:44 INFO  main.c:76: server started !
2024-06-18 20:21:08 INFO  main.c:78: server started !
2024-06-18 21:12:05 INFO  main.c:78: server started !
2024-06-18 21:15:58 INFO  main.c:79: server started !
2024-06-18 21:22:16 INFO  main.c:79: server started !
2024-06-18 21:29:38 INFO  main.c:79: server started !
2024-06-18 21:30:25 INFO  main.c:79: server started !
2024-06-18 21:32:39 INFO  main.c:79: server started !
2024-06-18 22:42:41 INFO  main.c:76: server started !
2024-06-18 22:44:51 INFO  main.c:76: server started !
2024-06-18 22:49:31 INFO  main.c:76: server started !
2024-06-18 22:51:39 INFO  main.c:76: server started !
2024-06-18 22:58:06 INFO  main.c:76: server started !
2024-06-18 23:04:55 INFO  main.c:76: server started !
2024-06-18 23:06:49 INFO  main.c:76: server started !
2024-06-18 23:09:12 INFO  main.c:76: server started !
2024-06-19 09:02:14 INFO  main.c:76: server started !
2024-06-19 09:04:19 INFO  main.c:76: server started !
2024-06-19 09:06:51 INFO  main.c:76: server started !
2024-06-19 09:10:50 INFO  main.c:76: server started !
2024-06-19 09:10:57 INFO  server_cd_and_rm.c:310: Succeeded
2024-06-19 09:14:18 INFO  main.c:76: server started !
2024-06-19 09:14:24 INFO  server_cd_and_rm.c:10: Succeeded in switching directory ./User/aaa/
2024-06-19 09:14:28 INFO  server_cd_and_rm.c:10: Succeeded in switching directory ./User/
2024-06-19 10:33:03 INFO  main.c:76: server started !
2024-06-19 10:33:12 INFO  log.c:156: Succeeded in switching directory ./User/aaa/
2024-06-19 10:33:15 INFO  log.c:156: Succeeded in switching directory ./User/
2024-06-19 10:33:18 INFO  log.c:156: Succeeded in switching directory ./User
2024-06-19 14:10:37 INFO  main.c:76: server started !
2024-06-19 14:10:43 WARN  log.c:165: Succeeded in switching directory ./User/aaa/
2024-06-19 14:10:45 WARN  log.c:165: Succeeded in switching directory ./User/
2024-06-21 21:40:41 INFO  main.c:83: server started !
2024-06-21 21:41:46 INFO  main.c:83: server started !
2024-06-21 21:42:58 INFO  main.c:83: server started !
2024-06-21 21:48:49 INFO  main.c:83: server started !
2024-06-21 21:54:19 INFO  main.c:83: server started !
2024-06-21 21:56:24 INFO  main.c:83: server started !
2024-06-21 21:56:36 INFO  main.c:83: server started !
2024-06-21 22:01:04 INFO  main.c:83: server started !
2024-06-21 22:02:07 INFO  main.c:83: server started !
2024-06-21 22:08:31 ERROR log.c:168: 用户不存在
2024-06-21 22:08:36 ERROR log.c:168: 用户登录失败
2024-06-21 22:08:49 ERROR log.c:168: 用户登录失败
2024-06-21 22:09:04 ERROR log.c:168: 用户登录失败
2024-06-21 22:09:04 ERROR log.c:168: 用户登录失败
2024-06-21 22:10:25 INFO  main.c:83: server started !
2024-06-21 22:10:33 INFO  main.c:83: server started !
2024-06-21 22:10:44 INFO  main.c:83: server started !
2024-06-21 22:10:46 INFO  main.c:83: server started !
2024-06-21 22:10:48 INFO  main.c:83: server started !
2024-06-21 22:10:54 INFO  main.c:83: server started !
2024-06-21 22:11:55 INFO  main.c:83: server started !
2024-06-21 22:11:57 INFO  main.c:83: server started !
2024-06-21 22:11:59 INFO  main.c:83: server started !
2024-06-21 22:12:01 INFO  main.c:83: server started !
2024-06-21 22:12:02 INFO  main.c:83: server started !
2024-06-21 22:12:03 INFO  main.c:83: server started !
2024-06-21 22:12:17 INFO  main.c:83: server started !
2024-06-21 22:12:20 INFO  main.c:83: server started !
2024-06-21 22:21:32 INFO  main.c:103: server started !
2024-06-21 22:21:49 ERROR log.c:168: 注册用户已存在
2024-06-21 22:22:22 ERROR log.c:168: 注册用户已存在
2024-06-21 22:23:30 INFO  main.c:103: server started !
2024-06-21 22:23:41 ERROR log.c:168: 注册用户已存在
2024-06-21 22:26:09 INFO  main.c:103: server started !
2024-06-21 22:26:17 INFO  main.c:103: server started !
2024-06-21 22:41:50 INFO  main.c:103: server started !
2024-06-21 22:42:24 INFO  log.c:162: 注册用户成功
2024-06-21 22:42:35 ERROR log.c:168: 用户登录失败
2024-06-21 22:42:37 ERROR log.c:168: 用户登录失败
2024-06-21 22:42:41 ERROR log.c:168: 用户登录失败
2024-06-21 22:58:46 INFO  main.c:103: server started !
2024-06-21 22:59:03 INFO  log.c:162: 注册用户成功
2024-06-21 22:59:14 ERROR log.c:168: 用户登录失败
2024-06-21 23:12:31 INFO  main.c:103: server started !
2024-06-21 23:12:47 INFO  log.c:162: 注册用户成功
2024-06-21 23:12:51 ERROR log.c:168: 用户不存在
2024-06-21 23:12:55 ERROR log.c:168: 用户登录失败
2024-06-21 23:13:00 ERROR log.c:168: 用户登录失败
2024-06-21 23:13:06 ERROR log.c:168: 用户登录失败
2024-06-21 23:15:45 INFO  main.c:103: server started !
2024-06-21 23:15:59 INFO  log.c:162: 注册用户成功
2024-06-21 23:16:04 ERROR log.c:168: 用户登录失败
2024-06-21 23:16:07 ERROR log.c:168: 用户登录失败
2024-06-21 23:17:55 ERROR log.c:168: 用户登录失败
2024-06-21 23:17:57 ERROR log.c:168: 用户登录失败
2024-06-21 23:29:52 INFO  main.c:103: server started !
2024-06-21 23:30:09 INFO  log.c:162: 注册用户成功
2024-06-21 23:30:19 ERROR log.c:168: 用户登录失败
2024-06-21 23:31:01 INFO  main.c:103: server started !
2024-06-21 23:31:18 INFO  log.c:162: 注册用户成功
2024-06-21 23:31:22 ERROR log.c:168: 用户登录失败
2024-06-22 09:05:22 INFO  main.c:103: server started !
2024-06-22 09:05:34 INFO  log.c:162: 注册用户成功
2024-06-22 09:05:42 ERROR log.c:168: 用户登录失败
2024-06-22 09:07:10 INFO  main.c:103: server started !
2024-06-22 09:07:26 INFO  log.c:162: 注册用户成功
2024-06-22 09:07:34 ERROR log.c:168: 用户登录失败
2024-06-22 09:11:14 INFO  main.c:103: server started !
2024-06-22 09:11:31 INFO  log.c:162: 注册用户成功
2024-06-22 09:11:55 ERROR log.c:168: 用户登录失败
2024-06-22 09:15:57 INFO  main.c:103: server started !
2024-06-22 09:16:54 INFO  log.c:162: 注册用户成功
2024-06-22 09:17:46 ERROR log.c:168: 用户登录失败
2024-06-22 09:20:57 INFO  main.c:103: server started !
2024-06-22 09:21:23 INFO  log.c:162: 注册用户成功
2024-06-22 09:23:50 INFO  main.c:103: server started !
2024-06-22 09:24:02 INFO  log.c:162: 注册用户成功
2024-06-22 09:24:10 ERROR log.c:168: 用户登录失败
2024-06-22 09:29:12 INFO  main.c:103: server started !
2024-06-22 09:29:22 INFO  log.c:162: 注册用户成功
2024-06-22 09:29:28 INFO  log.c:162: 用户登录成功
2024-06-22 09:29:28 ERROR log.c:168: 用户登录失败
2024-06-22 09:46:30 INFO  main.c:103: server started !
2024-06-22 09:48:05 INFO  log.c:162: 注册用户成功
2024-06-22 09:48:23 INFO  log.c:162: 用户登录成功
2024-06-22 09:50:21 INFO  log.c:162: 注册用户成功
2024-06-22 09:52:52 INFO  log.c:162: 注册用户成功
2024-06-22 09:53:40 INFO  log.c:162: 注册用户成功
2024-06-22 09:53:48 INFO  log.c:162: 用户登录成功
2024-06-22 09:55:34 INFO  log.c:162: 注册用户成功
2024-06-22 09:55:41 ERROR log.c:168: 用户登录失败
2024-06-22 09:55:43 INFO  log.c:162: 用户登录成功
